#
# A fatal error has been detected by the Java Runtime Environment:
#
#  EXCEPTION_ACCESS_VIOLATION (0xc0000005) at pc=0x000000006558afad, pid=4008, tid=4380
#
# JRE version: 7.0_11-b21
# Java VM: Java HotSpot(TM) 64-Bit Server VM (23.6-b04 mixed mode windows-amd64 compressed oops)
# Problematic frame:
# C  [gdx64.dll+0xafad]
#
# Failed to write core dump. Minidumps are not enabled by default on client versions of Windows
#
# If you would like to submit a bug report, please visit:
#   http://bugreport.sun.com/bugreport/crash.jsp
# The crash happened outside the Java Virtual Machine in native code.
# See problematic frame for where to report the bug.
#

---------------  T H R E A D  ---------------

Current thread (0x000000000e3af000):  JavaThread "LWJGL Application" [_thread_in_native, id=4380, stack(0x000000000f0c0000,0x000000000f1c0000)]

siginfo: ExceptionCode=0xc0000005, reading address 0x000000021079ba80

Registers:
RAX=0x0000000000000008, RBX=0x0000000010780080, RCX=0x000000021079ba80, RDX=0x00000000000000b8
RSP=0x000000000f1bf210, RBP=0x000000000f1bf400, RSI=0x0000000000000006, RDI=0x0000000000000040
R8 =0x0000000010780080, R9 =0x0000000000000000, R10=0x0000000000000001, R11=0x0000000000000001
R12=0x0000000000000000, R13=0x000000077bd12310, R14=0x000000000f1bf4a8, R15=0x000000000e3af000
RIP=0x000000006558afad, EFLAGS=0x0000000000010202

Top of Stack: (sp=0x000000000f1bf210)
0x000000000f1bf210:   000000000bb44878 0000000076f89027
0x000000000f1bf220:   000000000bb44878 000000000bb44878
0x000000000f1bf230:   0000000010780080 000000000f1bf2c0
0x000000000f1bf240:   0000000000000040 000000000f1bf400
0x000000000f1bf250:   0000000000000000 00000000655a0873
0x000000000f1bf260:   000000000bb44878 0000000100000012
0x000000000f1bf270:   0000000000000011 000000000f1bf418
0x000000000f1bf280:   0000000000000002 00000000ef7a5482
0x000000000f1bf290:   0000000000000040 00000000655a8df8
0x000000000f1bf2a0:   000000077bd12310 0000000000000000
0x000000000f1bf2b0:   0000000000000040 00000000027155d8
0x000000000f1bf2c0:   4200000000000002 0000000044000000
0x000000000f1bf2d0:   0000000000000000 0000000000000000
0x000000000f1bf2e0:   0000010100000000 000000000f1bf401
0x000000000f1bf2f0:   0000000000000000 000000003f800000
0x000000000f1bf300:   000000077bd12310 00000000027223a8 

Instructions: (pc=0x000000006558afad)
0x000000006558af8d:   cf c0 05 00 48 63 f6 0f b6 34 30 83 fe 0d 77 25
0x000000006558af9d:   48 63 f6 48 8d 46 02 48 8b 0c c3 48 85 c9 74 3e
0x000000006558afad:   48 8b 11 48 89 14 c3 48 89 c8 48 83 c4 20 5b 5e
0x000000006558afbd:   5f 5d 41 5c c3 48 8d 0d bf da 04 00 48 8d 15 50 


Register to memory mapping:

RAX=0x0000000000000008 is an unknown value
RBX=0x0000000010780080 is an unknown value
RCX=0x000000021079ba80 is an unknown value
RDX=0x00000000000000b8 is an unknown value
RSP=0x000000000f1bf210 is pointing into the stack for thread: 0x000000000e3af000
RBP=0x000000000f1bf400 is pointing into the stack for thread: 0x000000000e3af000
RSI=0x0000000000000006 is an unknown value
RDI=0x0000000000000040 is an unknown value
R8 =0x0000000010780080 is an unknown value
R9 =0x0000000000000000 is an unknown value
R10=0x0000000000000001 is an unknown value
R11=0x0000000000000001 is an unknown value
R12=0x0000000000000000 is an unknown value
R13=0x000000077bd12310 is an oop
{method} 
 - klass: {other class}
R14=0x000000000f1bf4a8 is pointing into the stack for thread: 0x000000000e3af000
R15=0x000000000e3af000 is a thread


Stack: [0x000000000f0c0000,0x000000000f1c0000],  sp=0x000000000f1bf210,  free space=1020k
Native frames: (J=compiled Java code, j=interpreted, Vv=VM code, C=native code)
C  [gdx64.dll+0xafad]
j  com.badlogic.gdx.physics.box2d.World.createBody(Lcom/badlogic/gdx/physics/box2d/BodyDef;)Lcom/badlogic/gdx/physics/box2d/Body;+80
j  com.battleships.base.Unit.createBody(FF)V+30
j  com.battleships.base.Unit.<init>(Ljava/lang/String;FF)V+271
j  com.battleships.base.Cruiser.<init>(Ljava/lang/String;FFLjava/lang/String;)V+4
j  com.battleships.base.GameLoopUpdateHandler.SpawnWave()V+38
j  com.battleships.base.GameLoopUpdateHandler.onUpdate(F)V+28
j  com.battleships.base.BaseGame.render()V+38
j  com.badlogic.gdx.backends.lwjgl.LwjglApplication.mainLoop()V+491
j  com.badlogic.gdx.backends.lwjgl.LwjglApplication$1.run()V+27
v  ~StubRoutines::call_stub

Java frames: (J=compiled Java code, j=interpreted, Vv=VM code)
j  com.badlogic.gdx.physics.box2d.World.jniCreateBody(JIFFFFFFFFZZZZZF)J+0
j  com.badlogic.gdx.physics.box2d.World.createBody(Lcom/badlogic/gdx/physics/box2d/BodyDef;)Lcom/badlogic/gdx/physics/box2d/Body;+80
j  com.battleships.base.Unit.createBody(FF)V+30
j  com.battleships.base.Unit.<init>(Ljava/lang/String;FF)V+271
j  com.battleships.base.Cruiser.<init>(Ljava/lang/String;FFLjava/lang/String;)V+4
j  com.battleships.base.GameLoopUpdateHandler.SpawnWave()V+38
j  com.battleships.base.GameLoopUpdateHandler.onUpdate(F)V+28
j  com.battleships.base.BaseGame.render()V+38
j  com.badlogic.gdx.backends.lwjgl.LwjglApplication.mainLoop()V+491
j  com.badlogic.gdx.backends.lwjgl.LwjglApplication$1.run()V+27
v  ~StubRoutines::call_stub

---------------  P R O C E S S  ---------------

Java Threads: ( => current thread )
  0x000000000e2b8800 JavaThread "pool-1-thread-1" [_thread_blocked, id=4060, stack(0x000000000fde0000,0x000000000fee0000)]
  0x000000000e3e3800 JavaThread "LWJGL Timer" daemon [_thread_blocked, id=2680, stack(0x0000000013810000,0x0000000013910000)]
  0x000000000270d800 JavaThread "DestroyJavaVM" [_thread_blocked, id=4536, stack(0x0000000002440000,0x0000000002540000)]
=>0x000000000e3af000 JavaThread "LWJGL Application" [_thread_in_native, id=4380, stack(0x000000000f0c0000,0x000000000f1c0000)]
  0x000000000bb55800 JavaThread "Service Thread" daemon [_thread_blocked, id=2848, stack(0x000000000df50000,0x000000000e050000)]
  0x000000000bb51000 JavaThread "C2 CompilerThread1" daemon [_thread_blocked, id=1584, stack(0x000000000de50000,0x000000000df50000)]
  0x000000000bb4c000 JavaThread "C2 CompilerThread0" daemon [_thread_blocked, id=3592, stack(0x000000000dd50000,0x000000000de50000)]
  0x000000000bb47000 JavaThread "Attach Listener" daemon [_thread_blocked, id=3896, stack(0x000000000dc50000,0x000000000dd50000)]
  0x000000000bb42800 JavaThread "Signal Dispatcher" daemon [_thread_blocked, id=2024, stack(0x000000000db50000,0x000000000dc50000)]
  0x000000000bade800 JavaThread "Finalizer" daemon [_thread_blocked, id=596, stack(0x000000000da50000,0x000000000db50000)]
  0x000000000bad7000 JavaThread "Reference Handler" daemon [_thread_blocked, id=852, stack(0x000000000d950000,0x000000000da50000)]

Other Threads:
  0x000000000bad2000 VMThread [stack: 0x000000000d850000,0x000000000d950000] [id=2764]
  0x000000000bb70800 WatcherThread [stack: 0x000000000e050000,0x000000000e150000] [id=2640]

VM state:not at safepoint (normal execution)

VM Mutex/Monitor currently owned by a thread: None

Heap
 PSYoungGen      total 38080K, used 19892K [0x00000007d58b0000, 0x00000007d8320000, 0x0000000800000000)
  eden space 32704K, 60% used [0x00000007d58b0000,0x00000007d6c1d1b8,0x00000007d78a0000)
  from space 5376K, 0% used [0x00000007d7de0000,0x00000007d7de0000,0x00000007d8320000)
  to   space 5376K, 0% used [0x00000007d78a0000,0x00000007d78a0000,0x00000007d7de0000)
 ParOldGen       total 86976K, used 0K [0x0000000780a00000, 0x0000000785ef0000, 0x00000007d58b0000)
  object space 86976K, 0% used [0x0000000780a00000,0x0000000780a00000,0x0000000785ef0000)
 PSPermGen       total 21248K, used 6508K [0x000000077b800000, 0x000000077ccc0000, 0x0000000780a00000)
  object space 21248K, 30% used [0x000000077b800000,0x000000077be5b358,0x000000077ccc0000)

Card table byte_map: [0x00000000057d0000,0x0000000005c00000] byte_map_base: 0x0000000001bf4000

Polling page: 0x0000000002550000

Code Cache  [0x0000000002710000, 0x0000000002980000, 0x0000000005710000)
 total_blobs=594 nmethods=203 adapters=342 free_code_cache=48330Kb largest_free_block=49464640

Compilation events (10 events):
Event: 22.641 Thread 0x000000000bb51000  199             com.badlogic.gdx.graphics.g2d.Sprite::getColor (85 bytes)
Event: 22.642 Thread 0x000000000bb51000 nmethod 199 0x00000000027d7150 code [0x00000000027d72c0, 0x00000000027d73d8]
Event: 23.074 Thread 0x000000000bb4c000  200             com.badlogic.gdx.math.Vector2::len (25 bytes)
Event: 23.075 Thread 0x000000000bb4c000 nmethod 200 0x00000000027d77d0 code [0x00000000027d7900, 0x00000000027d7978]
Event: 24.841 Thread 0x000000000bb51000  201             org.lwjgl.opengl.Display::getHeight (30 bytes)
Event: 24.844 Thread 0x000000000bb51000 nmethod 201 0x00000000027d5910 code [0x00000000027d5a60, 0x00000000027d5d18]
Event: 25.724 Thread 0x000000000bb4c000  202             com.badlogic.gdx.math.Vector2::set (12 bytes)
Event: 25.725 Thread 0x000000000bb4c000 nmethod 202 0x00000000027d75d0 code [0x00000000027d7700, 0x00000000027d7778]
Event: 27.791 Thread 0x000000000bb51000  203             com.badlogic.gdx.backends.lwjgl.LwjglGraphics::getHeight (19 bytes)
Event: 27.794 Thread 0x000000000bb51000 nmethod 203 0x00000000027d5350 code [0x00000000027d54a0, 0x00000000027d5798]

GC Heap History (0 events):
No events

Deoptimization events (9 events):
Event: 2.774 Thread 0x000000000e3af000 Uncommon trap -83 fr.pc 0x00000000027a0058
Event: 6.909 Thread 0x000000000e3af000 Uncommon trap -42 fr.pc 0x00000000027c2da0
Event: 6.909 Thread 0x000000000e3af000 Uncommon trap -42 fr.pc 0x00000000027c2da0
Event: 6.909 Thread 0x000000000e3af000 Uncommon trap -42 fr.pc 0x00000000027c2da0
Event: 6.909 Thread 0x000000000e3af000 Uncommon trap -42 fr.pc 0x00000000027c2da0
Event: 6.909 Thread 0x000000000e3af000 Uncommon trap -42 fr.pc 0x00000000027bd550
Event: 6.909 Thread 0x000000000e3af000 Uncommon trap -42 fr.pc 0x00000000027b4964
Event: 8.992 Thread 0x000000000e3af000 Uncommon trap 136 fr.pc 0x00000000027af3d8
Event: 20.825 Thread 0x000000000e3af000 Uncommon trap -83 fr.pc 0x00000000027c7e60

Internal exceptions (10 events):
Event: 1.175 Thread 0x000000000e3af000 Threw 0x00000007d6482920 at C:\jdk7u1_64p\jdk7u11\hotspot\src\share\vm\prims\jvm.cpp:1166
Event: 1.176 Thread 0x000000000e3af000 Threw 0x00000007d6486d50 at C:\jdk7u1_64p\jdk7u11\hotspot\src\share\vm\prims\jvm.cpp:1166
Event: 1.177 Thread 0x000000000e3af000 Threw 0x00000007d648b918 at C:\jdk7u1_64p\jdk7u11\hotspot\src\share\vm\prims\jvm.cpp:1166
Event: 1.892 Thread 0x000000000e3af000 Threw 0x00000007d64b0058 at C:\jdk7u1_64p\jdk7u11\hotspot\src\share\vm\prims\jvm.cpp:1166
Event: 2.774 Thread 0x000000000e3af000 Implicit null exception at 0x000000000279fef5 to 0x00000000027a004d
Event: 8.992 Thread 0x000000000e3af000 Threw 0x00000007d65fc4e8 at C:\jdk7u1_64p\jdk7u11\hotspot\src\share\vm\prims\jvm.cpp:1166
Event: 8.993 Thread 0x000000000e3af000 Threw 0x00000007d65ff178 at C:\jdk7u1_64p\jdk7u11\hotspot\src\share\vm\prims\jvm.cpp:1166
Event: 9.009 Thread 0x000000000e3af000 Threw 0x00000007d66035f0 at C:\jdk7u1_64p\jdk7u11\hotspot\src\share\vm\prims\jvm.cpp:1166
Event: 9.020 Thread 0x000000000e3af000 Threw 0x00000007d660e940 at C:\jdk7u1_64p\jdk7u11\hotspot\src\share\vm\prims\jvm.cpp:1166
Event: 20.825 Thread 0x000000000e3af000 Implicit null exception at 0x00000000027c6ee6 to 0x00000000027c7e41

Events (10 events):
Event: 8.995 loading class 0x000000000bb2f1b0
Event: 8.995 loading class 0x000000000bb2f1b0 done
Event: 8.995 loading class 0x000000000b9845f0
Event: 8.995 loading class 0x000000000b9845f0 done
Event: 9.009 loading class 0x000000000e2858e0
Event: 9.009 loading class 0x000000000e2858e0 done
Event: 9.020 loading class 0x000000000e2851e0
Event: 9.020 loading class 0x000000000e2851e0 done
Event: 20.825 Thread 0x000000000e3af000 DEOPT PACKING pc=0x00000000027c7e60 sp=0x000000000f1bf580
Event: 20.825 Thread 0x000000000e3af000 DEOPT UNPACKING pc=0x0000000002749164 sp=0x000000000f1bf4e8 mode 2


Dynamic libraries:
0x000007f7e4310000 - 0x000007f7e4343000 	C:\Program Files\Java\jre7\bin\javaw.exe
0x000007fb60a00000 - 0x000007fb60bbe000 	C:\Windows\SYSTEM32\ntdll.dll
0x000007fb60300000 - 0x000007fb60436000 	C:\Windows\system32\KERNEL32.DLL
0x000007fb5dc30000 - 0x000007fb5dd23000 	C:\Windows\system32\KERNELBASE.dll
0x000007fb5e180000 - 0x000007fb5e25e000 	C:\Windows\system32\ADVAPI32.dll
0x000007fb5de70000 - 0x000007fb5dfbc000 	C:\Windows\system32\USER32.dll
0x000007fb5aad0000 - 0x000007fb5ad39000 	C:\Windows\WinSxS\amd64_microsoft.windows.common-controls_6595b64144ccf1df_6.0.9200.16384_none_418c2a697189c07f\COMCTL32.dll
0x000007fb5ff70000 - 0x000007fb60015000 	C:\Windows\system32\msvcrt.dll
0x000007fb60440000 - 0x000007fb60488000 	C:\Windows\SYSTEM32\sechost.dll
0x000007fb60080000 - 0x000007fb601c0000 	C:\Windows\system32\RPCRT4.dll
0x000007fb5fe30000 - 0x000007fb5ff70000 	C:\Windows\system32\GDI32.dll
0x000007fb5f660000 - 0x000007fb5f699000 	C:\Windows\system32\IMM32.DLL
0x000007fb606a0000 - 0x000007fb607b5000 	C:\Windows\system32\MSCTF.dll
0x000007fb5d910000 - 0x000007fb5d918000 	C:\PROGRA~2\NVIDIA~1\3DVISI~1\NVSTIN~1.DLL
0x000007fb5e260000 - 0x000007fb5e267000 	C:\Windows\system32\PSAPI.DLL
0x00000000502c0000 - 0x0000000050363000 	C:\Windows\WinSxS\amd64_microsoft.vc90.crt_1fc8b3b9a1e18e3b_9.0.30729.6871_none_08e717a5a83adddf\MSVCR90.dll
0x0000000077440000 - 0x0000000077511000 	C:\Program Files\Java\jre7\bin\msvcr100.dll
0x0000000076d20000 - 0x000000007743f000 	C:\Program Files\Java\jre7\bin\server\jvm.dll
0x000007fb53980000 - 0x000007fb53989000 	C:\Windows\SYSTEM32\WSOCK32.dll
0x000007fb5b070000 - 0x000007fb5b090000 	C:\Windows\SYSTEM32\WINMM.dll
0x000007fb5f9f0000 - 0x000007fb5fa48000 	C:\Windows\system32\WS2_32.dll
0x000007fb5b020000 - 0x000007fb5b052000 	C:\Windows\SYSTEM32\WINMMBASE.dll
0x000007fb5fe20000 - 0x000007fb5fe29000 	C:\Windows\system32\NSI.dll
0x0000000050090000 - 0x000000005009f000 	C:\Program Files\Java\jre7\bin\verify.dll
0x0000000050060000 - 0x0000000050088000 	C:\Program Files\Java\jre7\bin\java.dll
0x0000000050040000 - 0x0000000050055000 	C:\Program Files\Java\jre7\bin\zip.dll
0x0000000065580000 - 0x000000006560d000 	C:\Users\Kacper\AppData\Local\Temp\libgdxKacper\940305315\gdx64.dll
0x0000000180000000 - 0x0000000180050000 	C:\Users\Kacper\AppData\Local\Temp\libgdxKacper\27538956\lwjgl64.dll
0x000007fb55b60000 - 0x000007fb55c7f000 	C:\Windows\SYSTEM32\OPENGL32.dll
0x000007fb5b0b0000 - 0x000007fb5b0b9000 	C:\Windows\SYSTEM32\VERSION.dll
0x000007fb55d00000 - 0x000007fb55d2c000 	C:\Windows\SYSTEM32\GLU32.dll
0x000007fb55940000 - 0x000007fb55a2a000 	C:\Windows\SYSTEM32\DDRAW.dll
0x000007fb599f0000 - 0x000007fb599f8000 	C:\Windows\SYSTEM32\DCIMAN32.dll
0x000000000e5c0000 - 0x000000000e622000 	C:\Users\Kacper\AppData\Local\Temp\libgdxKacper\27538956\OpenAL64.dll
0x000007fb5e370000 - 0x000007fb5f658000 	C:\Windows\system32\SHELL32.dll
0x000007fb5f6a0000 - 0x000007fb5f81e000 	C:\Windows\system32\ole32.dll
0x000007fb5dfd0000 - 0x000007fb5e180000 	C:\Windows\SYSTEM32\combase.dll
0x000007fb5e270000 - 0x000007fb5e2c0000 	C:\Windows\system32\SHLWAPI.dll
0x000007fb5cae0000 - 0x000007fb5cb76000 	C:\Windows\SYSTEM32\SHCORE.dll
0x000007fb5d760000 - 0x000007fb5d76a000 	C:\Windows\SYSTEM32\CRYPTBASE.dll
0x000007fb5d700000 - 0x000007fb5d75c000 	C:\Windows\SYSTEM32\bcryptPrimitives.dll
0x000007fb5c670000 - 0x000007fb5c753000 	C:\Windows\system32\uxtheme.dll
0x000007fb5e2d0000 - 0x000007fb5e366000 	C:\Windows\SYSTEM32\clbcatq.dll
0x000007fb60230000 - 0x000007fb602f3000 	C:\Windows\system32\OLEAUT32.dll
0x000007fb55ad0000 - 0x000007fb55b5b000 	C:\Windows\SYSTEM32\dsound.dll
0x000007fb5d800000 - 0x000007fb5d843000 	C:\Windows\SYSTEM32\POWRPROF.dll
0x000007fb5b500000 - 0x000007fb5b562000 	C:\Windows\System32\MMDevApi.dll
0x000007fb5dd90000 - 0x000007fb5ddb2000 	C:\Windows\system32\DEVOBJ.dll
0x000007fb5dbe0000 - 0x000007fb5dc2f000 	C:\Windows\SYSTEM32\cfgmgr32.dll
0x000007fb52800000 - 0x000007fb52872000 	C:\Windows\SYSTEM32\AUDIOSES.DLL
0x000007fb5ba10000 - 0x000007fb5ba31000 	C:\Windows\SYSTEM32\dwmapi.dll
0x0000000075370000 - 0x0000000076cc1000 	C:\Windows\SYSTEM32\nvoglv64.DLL
0x000007fb5f820000 - 0x000007fb5f9f0000 	C:\Windows\system32\SETUPAPI.dll
0x000007fb5dd30000 - 0x000007fb5dd85000 	C:\Windows\system32\WINTRUST.dll
0x000007fb5da00000 - 0x000007fb5dbd7000 	C:\Windows\system32\CRYPT32.dll
0x000007fb5d9e0000 - 0x000007fb5d9f6000 	C:\Windows\system32\MSASN1.dll
0x000007fb56dc0000 - 0x000007fb56dee000 	C:\Windows\SYSTEM32\ntmarta.dll
0x000007fb5b0c0000 - 0x000007fb5b151000 	C:\Windows\SYSTEM32\mscms.dll
0x000007fb5cf50000 - 0x000007fb5cf6f000 	C:\Windows\SYSTEM32\USERENV.dll
0x000007fb5d930000 - 0x000007fb5d945000 	C:\Windows\SYSTEM32\profapi.dll
0x000007fb55900000 - 0x000007fb55940000 	C:\Windows\SYSTEM32\icm32.dll
0x000007fb52420000 - 0x000007fb52583000 	C:\Windows\SYSTEM32\dbghelp.dll

VM Arguments:
jvm_args: -Dfile.encoding=Cp1250 
java_command: com.battleships.base.Main
Launcher Type: SUN_STANDARD

Environment Variables:
PATH=C:\Windows\system32;C:\Windows;C:\Windows\System32\Wbem;C:\Windows\System32\WindowsPowerShell\v1.0\
USERNAME=Kacper
OS=Windows_NT
PROCESSOR_IDENTIFIER=Intel64 Family 6 Model 58 Stepping 9, GenuineIntel



---------------  S Y S T E M  ---------------

OS: Windows 8 , 64 bit Build 9200 

CPU:total 8 (4 cores per cpu, 2 threads per core) family 6 model 58 stepping 9, cmov, cx8, fxsr, mmx, sse, sse2, sse3, ssse3, sse4.1, sse4.2, popcnt, avx, ht, tsc, tscinvbit, tscinv

Memory: 4k page, physical 8344320k(5537200k free), swap 9589504k(5690212k free)

vm_info: Java HotSpot(TM) 64-Bit Server VM (23.6-b04) for windows-amd64 JRE (1.7.0_11-b21), built on Jan 12 2013 02:38:42 by "java_re" with unknown MS VC++:1600

time: Tue Feb 19 13:08:39 2013
elapsed time: 30 seconds

